<?xml version="1.0" encoding="UTF-8"?>
<!-- Generated by org.testng.reporters.JUnitXMLReporter -->
<testsuite ignored="3" hostname="DESKTOP-35PKLNE" failures="0" tests="1" name="Default test" time="5.19" errors="0" timestamp="2021-05-05T02:28:32 CEST">
  <testcase classname="com.qa.spinent.testpages.LoginPageTest" name="verifyGreenolorLoginButtonTest" time="1.173"/>
  <testcase classname="com.qa.spinent.testpages.LoginPageTest" name="verifyLoginPageUrlTest" time="0.0">
    <ignored/>
  </testcase> <!-- verifyLoginPageUrlTest -->
  <testcase classname="com.qa.spinent.testpages.LoginPageTest" name="verifyRedColorLoginButtonTest" time="0.0">
    <ignored/>
  </testcase> <!-- verifyRedColorLoginButtonTest -->
  <testcase classname="com.qa.spinent.testpages.LoginPageTest" name="verifyLoginPageTitleTest" time="0.0">
    <ignored/>
  </testcase> <!-- verifyLoginPageTitleTest -->
</testsuite> <!-- Default test -->
