<?xml version="1.0" encoding="UTF-8"?>
<!-- Generated by org.testng.reporters.JUnitXMLReporter -->
<testsuite hostname="DESKTOP-35PKLNE" ignored="0" name="Command line test" tests="28" failures="0" timestamp="2021-05-09T12:19:27 CEST" time="108.735" errors="0">
  <testcase name="logOutFunctionTest" time="1.941" classname="com.qa.spinent.testpages.AccountLogoutPageTest"/>
  <testcase name="logOutUrlVerificationTest" time="0.021" classname="com.qa.spinent.testpages.AccountLogoutPageTest"/>
  <testcase name="verifyHomePageTitle" time="0.049" classname="com.qa.spinent.testpages.HomePageTest"/>
  <testcase name="introToSportsTechButtonTest" time="1.349" classname="com.qa.spinent.testpages.HomePageTest"/>
  <testcase name="knowYourselfButtonTest" time="1.052" classname="com.qa.spinent.testpages.HomePageTest"/>
  <testcase name="determineProblemsButtonTest" time="1.394" classname="com.qa.spinent.testpages.HomePageTest"/>
  <testcase name="askToCustomerButtonTest" time="1.222" classname="com.qa.spinent.testpages.HomePageTest"/>
  <testcase name="generateIdeasButtonTest" time="1.063" classname="com.qa.spinent.testpages.HomePageTest"/>
  <testcase name="preapareMVPButtonTest" time="1.0" classname="com.qa.spinent.testpages.HomePageTest"/>
  <testcase name="givePresentationButtonTest" time="1.0" classname="com.qa.spinent.testpages.HomePageTest"/>
  <testcase name="belowButtonAblemsTest" time="0.997" classname="com.qa.spinent.testpages.HomePageTest"/>
  <testcase name="languageButtonTest" time="1.012" classname="com.qa.spinent.testpages.HomePageTest"/>
  <testcase name="userAccountNamesButtonTest" time="0.979" classname="com.qa.spinent.testpages.HomePageTest"/>
  <testcase name="printCertificateButtonTest" time="1.01" classname="com.qa.spinent.testpages.HomePageTest"/>
  <testcase name="verifyLoginPageTitleTest" time="0.006" classname="com.qa.spinent.testpages.LoginPageTest"/>
  <testcase name="verifyLoginPageUrlTest" time="0.008" classname="com.qa.spinent.testpages.LoginPageTest"/>
  <testcase name="verifyRedColorLoginButtonTest" time="0.984" classname="com.qa.spinent.testpages.LoginPageTest"/>
  <testcase name="verifyGreenolorLoginButtonTest" time="1.001" classname="com.qa.spinent.testpages.LoginPageTest"/>
  <testcase name="userSecurity" time="5.149" classname="com.qa.spinent.testpages.LoginPageUserSecurityTest"/>
  <testcase name="userSecurity" time="6.082" classname="com.qa.spinent.testpages.LoginPageUserSecurityTest"/>
  <testcase name="userSecurity" time="6.048" classname="com.qa.spinent.testpages.LoginPageUserSecurityTest"/>
  <testcase name="userSecurity" time="6.068" classname="com.qa.spinent.testpages.LoginPageUserSecurityTest"/>
  <testcase name="userSecurity" time="6.046" classname="com.qa.spinent.testpages.LoginPageUserSecurityTest"/>
  <testcase name="userSecurity" time="6.037" classname="com.qa.spinent.testpages.LoginPageUserSecurityTest"/>
  <testcase name="userSecurity" time="6.105" classname="com.qa.spinent.testpages.LoginPageUserSecurityTest"/>
  <testcase name="userSecurity" time="6.166" classname="com.qa.spinent.testpages.LoginPageUserSecurityTest"/>
  <testcase name="verifyMyReportPageTableVisibility" time="0.986" classname="com.qa.spinent.testpages.MyReportPageTest"/>
  <testcase name="verifyMyReportPageTable" time="0.005" classname="com.qa.spinent.testpages.MyReportPageTest"/>
</testsuite> <!-- Command line test -->
