<?xml version="1.0" encoding="UTF-8"?>
<testng-results skipped="0" failed="1" ignored="0" total="6" passed="5">
  <reporter-output>
  </reporter-output>
  <suite name="Command line suite" duration-ms="17150" started-at="2021-05-16T16:19:38 CEST" finished-at="2021-05-16T16:19:56 CEST">
    <groups>
    </groups>
    <test name="Command line test" duration-ms="17150" started-at="2021-05-16T16:19:38 CEST" finished-at="2021-05-16T16:19:56 CEST">
      <class name="com.qa.spinent.testpages.AccountLogoutPageTest">
        <test-method status="PASS" signature="setUp()[pri:0, instance:com.qa.spinent.testpages.AccountLogoutPageTest@13805618]" name="setUp" is-config="true" duration-ms="8125" started-at="2021-05-16T16:19:38 CEST" finished-at="2021-05-16T16:19:46 CEST">
          <reporter-output>
          </reporter-output>
        </test-method> <!-- setUp -->
        <test-method status="PASS" signature="logOutFunctionTest()[pri:1, instance:com.qa.spinent.testpages.AccountLogoutPageTest@13805618]" name="logOutFunctionTest" duration-ms="1171" started-at="2021-05-16T16:19:49 CEST" finished-at="2021-05-16T16:19:51 CEST">
          <reporter-output>
          </reporter-output>
        </test-method> <!-- logOutFunctionTest -->
        <test-method status="FAIL" signature="logOutUrlVerificationTest()[pri:2, instance:com.qa.spinent.testpages.AccountLogoutPageTest@13805618]" name="logOutUrlVerificationTest" duration-ms="12" started-at="2021-05-16T16:19:51 CEST" finished-at="2021-05-16T16:19:51 CEST">
          <exception class="java.lang.AssertionError">
            <message>
              <![CDATA[expected [https://portal.spinent.eu/] but found [Failed]]]>
            </message>
            <full-stacktrace>
              <![CDATA[java.lang.AssertionError: expected [https://portal.spinent.eu/] but found [Failed]
at org.testng.Assert.fail(Assert.java:99)
at org.testng.Assert.failNotEquals(Assert.java:1037)
at org.testng.Assert.assertEqualsImpl(Assert.java:140)
at org.testng.Assert.assertEquals(Assert.java:122)
at org.testng.Assert.assertEquals(Assert.java:629)
at org.testng.Assert.assertEquals(Assert.java:639)
at com.qa.spinent.testpages.AccountLogoutPageTest.logOutUrlVerificationTest(AccountLogoutPageTest.java:49)
at sun.reflect.NativeMethodAccessorImpl.invoke0(Native Method)
at sun.reflect.NativeMethodAccessorImpl.invoke(NativeMethodAccessorImpl.java:62)
at sun.reflect.DelegatingMethodAccessorImpl.invoke(DelegatingMethodAccessorImpl.java:43)
at java.lang.reflect.Method.invoke(Method.java:498)
at org.testng.internal.MethodInvocationHelper.invokeMethod(MethodInvocationHelper.java:132)
at org.testng.internal.TestInvoker.invokeMethod(TestInvoker.java:599)
at org.testng.internal.TestInvoker.invokeTestMethod(TestInvoker.java:174)
at org.testng.internal.MethodRunner.runInSequence(MethodRunner.java:46)
at org.testng.internal.TestInvoker$MethodInvocationAgent.invoke(TestInvoker.java:822)
at org.testng.internal.TestInvoker.invokeTestMethods(TestInvoker.java:147)
at org.testng.internal.TestMethodWorker.invokeTestMethods(TestMethodWorker.java:146)
at org.testng.internal.TestMethodWorker.run(TestMethodWorker.java:128)
at java.util.ArrayList.forEach(ArrayList.java:1259)
at org.testng.TestRunner.privateRun(TestRunner.java:764)
at org.testng.TestRunner.run(TestRunner.java:585)
at org.testng.SuiteRunner.runTest(SuiteRunner.java:384)
at org.testng.SuiteRunner.runSequentially(SuiteRunner.java:378)
at org.testng.SuiteRunner.privateRun(SuiteRunner.java:337)
at org.testng.SuiteRunner.run(SuiteRunner.java:286)
at org.testng.SuiteRunnerWorker.runSuite(SuiteRunnerWorker.java:53)
at org.testng.SuiteRunnerWorker.run(SuiteRunnerWorker.java:96)
at org.testng.TestNG.runSuitesSequentially(TestNG.java:1218)
at org.testng.TestNG.runSuitesLocally(TestNG.java:1140)
at org.testng.TestNG.runSuites(TestNG.java:1069)
at org.testng.TestNG.run(TestNG.java:1037)
at org.apache.maven.surefire.testng.TestNGExecutor.run(TestNGExecutor.java:77)
at org.apache.maven.surefire.testng.TestNGDirectoryTestSuite.executeMulti(TestNGDirectoryTestSuite.java:159)
at org.apache.maven.surefire.testng.TestNGDirectoryTestSuite.execute(TestNGDirectoryTestSuite.java:99)
at org.apache.maven.surefire.testng.TestNGProvider.invoke(TestNGProvider.java:106)
at sun.reflect.NativeMethodAccessorImpl.invoke0(Native Method)
at sun.reflect.NativeMethodAccessorImpl.invoke(NativeMethodAccessorImpl.java:62)
at sun.reflect.DelegatingMethodAccessorImpl.invoke(DelegatingMethodAccessorImpl.java:43)
at java.lang.reflect.Method.invoke(Method.java:498)
at org.apache.maven.surefire.util.ReflectionUtils.invokeMethodWithArray(ReflectionUtils.java:189)
at org.apache.maven.surefire.booter.ProviderFactory$ProviderProxy.invoke(ProviderFactory.java:165)
at org.apache.maven.surefire.booter.ProviderFactory.invokeProvider(ProviderFactory.java:85)
at org.apache.maven.surefire.booter.ForkedBooter.runSuitesInProcess(ForkedBooter.java:115)
at org.apache.maven.surefire.booter.ForkedBooter.main(ForkedBooter.java:75)
]]>
            </full-stacktrace>
          </exception> <!-- java.lang.AssertionError -->
          <reporter-output>
          </reporter-output>
        </test-method> <!-- logOutUrlVerificationTest -->
        <test-method status="PASS" signature="tearDown()[pri:0, instance:com.qa.spinent.testpages.AccountLogoutPageTest@13805618]" name="tearDown" is-config="true" duration-ms="1404" started-at="2021-05-16T16:19:53 CEST" finished-at="2021-05-16T16:19:54 CEST">
          <reporter-output>
          </reporter-output>
        </test-method> <!-- tearDown -->
      </class> <!-- com.qa.spinent.testpages.AccountLogoutPageTest -->
      <class name="com.qa.spinent.testpages.LoginPageTest">
        <test-method status="PASS" signature="setUp()[pri:0, instance:com.qa.spinent.testpages.LoginPageTest@56ef9176]" name="setUp" is-config="true" duration-ms="2815" started-at="2021-05-16T16:19:46 CEST" finished-at="2021-05-16T16:19:49 CEST">
          <reporter-output>
          </reporter-output>
        </test-method> <!-- setUp -->
        <test-method status="PASS" signature="verifyLoginPageTitleTest()[pri:1, instance:com.qa.spinent.testpages.LoginPageTest@56ef9176]" name="verifyLoginPageTitleTest" duration-ms="22" started-at="2021-05-16T16:19:51 CEST" description="LOGIN PAGE TITLE PRESENCE FUNCTIONALITY" finished-at="2021-05-16T16:19:51 CEST">
          <reporter-output>
          </reporter-output>
        </test-method> <!-- verifyLoginPageTitleTest -->
        <test-method status="PASS" signature="verifyLoginPageUrlTest()[pri:2, instance:com.qa.spinent.testpages.LoginPageTest@56ef9176]" name="verifyLoginPageUrlTest" duration-ms="54" started-at="2021-05-16T16:19:51 CEST" description="LOGIN PAGE URL FUNCTIONALITY TEST" finished-at="2021-05-16T16:19:51 CEST">
          <reporter-output>
          </reporter-output>
        </test-method> <!-- verifyLoginPageUrlTest -->
        <test-method status="PASS" signature="verifyRedColorLoginButtonTest()[pri:3, instance:com.qa.spinent.testpages.LoginPageTest@56ef9176]" name="verifyRedColorLoginButtonTest" duration-ms="1079" started-at="2021-05-16T16:19:51 CEST" description="VERIFICATION OF RED LOGIN-BUTTON IN THE LOGIN PAGE " finished-at="2021-05-16T16:19:52 CEST">
          <reporter-output>
          </reporter-output>
        </test-method> <!-- verifyRedColorLoginButtonTest -->
        <test-method status="PASS" signature="verifyGreenolorLoginButtonTest()[pri:4, instance:com.qa.spinent.testpages.LoginPageTest@56ef9176]" name="verifyGreenolorLoginButtonTest" duration-ms="1030" started-at="2021-05-16T16:19:52 CEST" description="VERIFICATION OF GREEN LOGIN-BUTTON IN THE LOGIN PAGE " finished-at="2021-05-16T16:19:53 CEST">
          <reporter-output>
          </reporter-output>
        </test-method> <!-- verifyGreenolorLoginButtonTest -->
        <test-method status="PASS" signature="tearDown()[pri:0, instance:com.qa.spinent.testpages.LoginPageTest@56ef9176]" name="tearDown" is-config="true" duration-ms="1360" started-at="2021-05-16T16:19:54 CEST" finished-at="2021-05-16T16:19:56 CEST">
          <reporter-output>
          </reporter-output>
        </test-method> <!-- tearDown -->
      </class> <!-- com.qa.spinent.testpages.LoginPageTest -->
    </test> <!-- Command line test -->
  </suite> <!-- Command line suite -->
</testng-results>
