<?xml version="1.0" encoding="UTF-8"?>
<testng-results skipped="0" failed="0" ignored="0" total="28" passed="28">
  <reporter-output>
  </reporter-output>
  <suite name="Command line suite" duration-ms="108735" started-at="2021-05-09T12:17:38 CEST" finished-at="2021-05-09T12:19:27 CEST">
    <groups>
    </groups>
    <test name="Command line test" duration-ms="108735" started-at="2021-05-09T12:17:38 CEST" finished-at="2021-05-09T12:19:27 CEST">
      <class name="com.qa.spinent.testpages.LoginPageUserSecurityTest">
        <test-method status="PASS" signature="setUp()[pri:0, instance:com.qa.spinent.testpages.LoginPageUserSecurityTest@64bf3bbf]" name="setUp" is-config="true" duration-ms="5557" started-at="2021-05-09T12:18:03 CEST" finished-at="2021-05-09T12:18:08 CEST">
          <reporter-output>
          </reporter-output>
        </test-method> <!-- setUp -->
        <test-method status="PASS" signature="userSecurity(java.lang.String, java.lang.String)[pri:0, instance:com.qa.spinent.testpages.LoginPageUserSecurityTest@64bf3bbf]" name="userSecurity" duration-ms="5149" started-at="2021-05-09T12:18:35 CEST" description="Testing invalid datas by sending wrong user information. Error message will be verified after sending wrong user information from the excel file." data-provider="getLoginInvalidData" finished-at="2021-05-09T12:18:40 CEST">
          <params>
            <param index="0">
              <value>
                <![CDATA[bobit@gmail.com]]>
              </value>
            </param>
            <param index="1">
              <value>
                <![CDATA[Ankara]]>
              </value>
            </param>
          </params>
          <reporter-output>
          </reporter-output>
        </test-method> <!-- userSecurity -->
        <test-method status="PASS" signature="userSecurity(java.lang.String, java.lang.String)[pri:0, instance:com.qa.spinent.testpages.LoginPageUserSecurityTest@64bf3bbf]" name="userSecurity" duration-ms="6082" started-at="2021-05-09T12:18:40 CEST" description="Testing invalid datas by sending wrong user information. Error message will be verified after sending wrong user information from the excel file." data-provider="getLoginInvalidData" finished-at="2021-05-09T12:18:46 CEST">
          <params>
            <param index="0">
              <value>
                <![CDATA[bobit@gmail.com]]>
              </value>
            </param>
            <param index="1">
              <value>
                <![CDATA[Istanbul]]>
              </value>
            </param>
          </params>
          <reporter-output>
          </reporter-output>
        </test-method> <!-- userSecurity -->
        <test-method status="PASS" signature="userSecurity(java.lang.String, java.lang.String)[pri:0, instance:com.qa.spinent.testpages.LoginPageUserSecurityTest@64bf3bbf]" name="userSecurity" duration-ms="6048" started-at="2021-05-09T12:18:46 CEST" description="Testing invalid datas by sending wrong user information. Error message will be verified after sending wrong user information from the excel file." data-provider="getLoginInvalidData" finished-at="2021-05-09T12:18:52 CEST">
          <params>
            <param index="0">
              <value>
                <![CDATA[bobit@gmail.com]]>
              </value>
            </param>
            <param index="1">
              <value>
                <![CDATA[Adana]]>
              </value>
            </param>
          </params>
          <reporter-output>
          </reporter-output>
        </test-method> <!-- userSecurity -->
        <test-method status="PASS" signature="userSecurity(java.lang.String, java.lang.String)[pri:0, instance:com.qa.spinent.testpages.LoginPageUserSecurityTest@64bf3bbf]" name="userSecurity" duration-ms="6068" started-at="2021-05-09T12:18:52 CEST" description="Testing invalid datas by sending wrong user information. Error message will be verified after sending wrong user information from the excel file." data-provider="getLoginInvalidData" finished-at="2021-05-09T12:18:58 CEST">
          <params>
            <param index="0">
              <value>
                <![CDATA[bobit@gmail.com]]>
              </value>
            </param>
            <param index="1">
              <value>
                <![CDATA[Konya]]>
              </value>
            </param>
          </params>
          <reporter-output>
          </reporter-output>
        </test-method> <!-- userSecurity -->
        <test-method status="PASS" signature="userSecurity(java.lang.String, java.lang.String)[pri:0, instance:com.qa.spinent.testpages.LoginPageUserSecurityTest@64bf3bbf]" name="userSecurity" duration-ms="6046" started-at="2021-05-09T12:18:58 CEST" description="Testing invalid datas by sending wrong user information. Error message will be verified after sending wrong user information from the excel file." data-provider="getLoginInvalidData" finished-at="2021-05-09T12:19:04 CEST">
          <params>
            <param index="0">
              <value>
                <![CDATA[bobit@gmail.com]]>
              </value>
            </param>
            <param index="1">
              <value>
                <![CDATA[Bursa]]>
              </value>
            </param>
          </params>
          <reporter-output>
          </reporter-output>
        </test-method> <!-- userSecurity -->
        <test-method status="PASS" signature="userSecurity(java.lang.String, java.lang.String)[pri:0, instance:com.qa.spinent.testpages.LoginPageUserSecurityTest@64bf3bbf]" name="userSecurity" duration-ms="6037" started-at="2021-05-09T12:19:04 CEST" description="Testing invalid datas by sending wrong user information. Error message will be verified after sending wrong user information from the excel file." data-provider="getLoginInvalidData" finished-at="2021-05-09T12:19:10 CEST">
          <params>
            <param index="0">
              <value>
                <![CDATA[bobit@gmail.com]]>
              </value>
            </param>
            <param index="1">
              <value>
                <![CDATA[sezgin]]>
              </value>
            </param>
          </params>
          <reporter-output>
          </reporter-output>
        </test-method> <!-- userSecurity -->
        <test-method status="PASS" signature="userSecurity(java.lang.String, java.lang.String)[pri:0, instance:com.qa.spinent.testpages.LoginPageUserSecurityTest@64bf3bbf]" name="userSecurity" duration-ms="6105" started-at="2021-05-09T12:19:10 CEST" description="Testing invalid datas by sending wrong user information. Error message will be verified after sending wrong user information from the excel file." data-provider="getLoginInvalidData" finished-at="2021-05-09T12:19:16 CEST">
          <params>
            <param index="0">
              <value>
                <![CDATA[bobit@gmail.com]]>
              </value>
            </param>
            <param index="1">
              <value>
                <![CDATA[warsaw]]>
              </value>
            </param>
          </params>
          <reporter-output>
          </reporter-output>
        </test-method> <!-- userSecurity -->
        <test-method status="PASS" signature="userSecurity(java.lang.String, java.lang.String)[pri:0, instance:com.qa.spinent.testpages.LoginPageUserSecurityTest@64bf3bbf]" name="userSecurity" duration-ms="6166" started-at="2021-05-09T12:19:16 CEST" description="Testing invalid datas by sending wrong user information. Error message will be verified after sending wrong user information from the excel file." data-provider="getLoginInvalidData" finished-at="2021-05-09T12:19:22 CEST">
          <params>
            <param index="0">
              <value>
                <![CDATA[bobit@gmail.com]]>
              </value>
            </param>
            <param index="1">
              <value>
                <![CDATA[whatevet]]>
              </value>
            </param>
          </params>
          <reporter-output>
          </reporter-output>
        </test-method> <!-- userSecurity -->
        <test-method status="PASS" signature="tearDown()[pri:0, instance:com.qa.spinent.testpages.LoginPageUserSecurityTest@64bf3bbf]" name="tearDown" is-config="true" duration-ms="654" started-at="2021-05-09T12:19:25 CEST" finished-at="2021-05-09T12:19:26 CEST">
          <reporter-output>
          </reporter-output>
        </test-method> <!-- tearDown -->
      </class> <!-- com.qa.spinent.testpages.LoginPageUserSecurityTest -->
      <class name="com.qa.spinent.testpages.AccountLogoutPageTest">
        <test-method status="PASS" signature="setUp()[pri:0, instance:com.qa.spinent.testpages.AccountLogoutPageTest@20322d26]" name="setUp" is-config="true" duration-ms="10113" started-at="2021-05-09T12:17:38 CEST" finished-at="2021-05-09T12:17:48 CEST">
          <reporter-output>
          </reporter-output>
        </test-method> <!-- setUp -->
        <test-method status="PASS" signature="logOutFunctionTest()[pri:1, instance:com.qa.spinent.testpages.AccountLogoutPageTest@20322d26]" name="logOutFunctionTest" duration-ms="1941" started-at="2021-05-09T12:18:18 CEST" finished-at="2021-05-09T12:18:20 CEST">
          <reporter-output>
          </reporter-output>
        </test-method> <!-- logOutFunctionTest -->
        <test-method status="PASS" signature="logOutUrlVerificationTest()[pri:2, instance:com.qa.spinent.testpages.AccountLogoutPageTest@20322d26]" name="logOutUrlVerificationTest" duration-ms="21" started-at="2021-05-09T12:18:20 CEST" finished-at="2021-05-09T12:18:20 CEST">
          <reporter-output>
          </reporter-output>
        </test-method> <!-- logOutUrlVerificationTest -->
        <test-method status="PASS" signature="tearDown()[pri:0, instance:com.qa.spinent.testpages.AccountLogoutPageTest@20322d26]" name="tearDown" is-config="true" duration-ms="714" started-at="2021-05-09T12:19:23 CEST" finished-at="2021-05-09T12:19:24 CEST">
          <reporter-output>
          </reporter-output>
        </test-method> <!-- tearDown -->
      </class> <!-- com.qa.spinent.testpages.AccountLogoutPageTest -->
      <class name="com.qa.spinent.testpages.MyReportPageTest">
        <test-method status="PASS" signature="setUp()[pri:0, instance:com.qa.spinent.testpages.MyReportPageTest@55d56113]" name="setUp" is-config="true" duration-ms="9425" started-at="2021-05-09T12:18:08 CEST" finished-at="2021-05-09T12:18:18 CEST">
          <reporter-output>
          </reporter-output>
        </test-method> <!-- setUp -->
        <test-method status="PASS" signature="verifyMyReportPageTableVisibility()[pri:1, instance:com.qa.spinent.testpages.MyReportPageTest@55d56113]" name="verifyMyReportPageTableVisibility" duration-ms="986" started-at="2021-05-09T12:19:22 CEST" finished-at="2021-05-09T12:19:23 CEST">
          <reporter-output>
          </reporter-output>
        </test-method> <!-- verifyMyReportPageTableVisibility -->
        <test-method status="PASS" signature="verifyMyReportPageTable()[pri:2, instance:com.qa.spinent.testpages.MyReportPageTest@55d56113]" name="verifyMyReportPageTable" duration-ms="5" started-at="2021-05-09T12:19:23 CEST" finished-at="2021-05-09T12:19:23 CEST">
          <reporter-output>
          </reporter-output>
        </test-method> <!-- verifyMyReportPageTable -->
        <test-method status="PASS" signature="tearDown()[pri:0, instance:com.qa.spinent.testpages.MyReportPageTest@55d56113]" name="tearDown" is-config="true" duration-ms="669" started-at="2021-05-09T12:19:26 CEST" finished-at="2021-05-09T12:19:27 CEST">
          <reporter-output>
          </reporter-output>
        </test-method> <!-- tearDown -->
      </class> <!-- com.qa.spinent.testpages.MyReportPageTest -->
      <class name="com.qa.spinent.testpages.LoginPageTest">
        <test-method status="PASS" signature="setUp()[pri:0, instance:com.qa.spinent.testpages.LoginPageTest@64bfbc86]" name="setUp" is-config="true" duration-ms="2203" started-at="2021-05-09T12:18:01 CEST" finished-at="2021-05-09T12:18:03 CEST">
          <reporter-output>
          </reporter-output>
        </test-method> <!-- setUp -->
        <test-method status="PASS" signature="verifyLoginPageTitleTest()[pri:1, instance:com.qa.spinent.testpages.LoginPageTest@64bfbc86]" name="verifyLoginPageTitleTest" duration-ms="6" started-at="2021-05-09T12:18:32 CEST" description="LOGIN PAGE TITLE PRESENCE FUNCTIONALITY" finished-at="2021-05-09T12:18:32 CEST">
          <reporter-output>
          </reporter-output>
        </test-method> <!-- verifyLoginPageTitleTest -->
        <test-method status="PASS" signature="verifyLoginPageUrlTest()[pri:2, instance:com.qa.spinent.testpages.LoginPageTest@64bfbc86]" name="verifyLoginPageUrlTest" duration-ms="8" started-at="2021-05-09T12:18:32 CEST" description="LOGIN PAGE URL FUNCTIONALITY TEST" finished-at="2021-05-09T12:18:32 CEST">
          <reporter-output>
          </reporter-output>
        </test-method> <!-- verifyLoginPageUrlTest -->
        <test-method status="PASS" signature="verifyRedColorLoginButtonTest()[pri:3, instance:com.qa.spinent.testpages.LoginPageTest@64bfbc86]" name="verifyRedColorLoginButtonTest" duration-ms="984" started-at="2021-05-09T12:18:32 CEST" description="VERIFICATION OF RED LOGIN-BUTTON IN THE LOGIN PAGE " finished-at="2021-05-09T12:18:33 CEST">
          <reporter-output>
          </reporter-output>
        </test-method> <!-- verifyRedColorLoginButtonTest -->
        <test-method status="PASS" signature="verifyGreenolorLoginButtonTest()[pri:4, instance:com.qa.spinent.testpages.LoginPageTest@64bfbc86]" name="verifyGreenolorLoginButtonTest" duration-ms="1001" started-at="2021-05-09T12:18:33 CEST" description="VERIFICATION OF GREEN LOGIN-BUTTON IN THE LOGIN PAGE " finished-at="2021-05-09T12:18:34 CEST">
          <reporter-output>
          </reporter-output>
        </test-method> <!-- verifyGreenolorLoginButtonTest -->
        <test-method status="PASS" signature="tearDown()[pri:0, instance:com.qa.spinent.testpages.LoginPageTest@64bfbc86]" name="tearDown" is-config="true" duration-ms="702" started-at="2021-05-09T12:19:25 CEST" finished-at="2021-05-09T12:19:25 CEST">
          <reporter-output>
          </reporter-output>
        </test-method> <!-- tearDown -->
      </class> <!-- com.qa.spinent.testpages.LoginPageTest -->
      <class name="com.qa.spinent.testpages.HomePageTest">
        <test-method status="PASS" signature="setUp()[pri:0, instance:com.qa.spinent.testpages.HomePageTest@192b07fd]" name="setUp" is-config="true" duration-ms="12486" started-at="2021-05-09T12:17:48 CEST" finished-at="2021-05-09T12:18:01 CEST">
          <reporter-output>
          </reporter-output>
        </test-method> <!-- setUp -->
        <test-method status="PASS" signature="verifyHomePageTitle()[pri:1, instance:com.qa.spinent.testpages.HomePageTest@192b07fd]" name="verifyHomePageTitle" duration-ms="49" started-at="2021-05-09T12:18:20 CEST" description="Home Page Title will be tested" finished-at="2021-05-09T12:18:20 CEST">
          <reporter-output>
          </reporter-output>
        </test-method> <!-- verifyHomePageTitle -->
        <test-method status="PASS" signature="introToSportsTechButtonTest()[pri:2, instance:com.qa.spinent.testpages.HomePageTest@192b07fd]" name="introToSportsTechButtonTest" duration-ms="1349" started-at="2021-05-09T12:18:20 CEST" description="The button function will be tested to see if it is clickable or not!" finished-at="2021-05-09T12:18:21 CEST">
          <reporter-output>
          </reporter-output>
        </test-method> <!-- introToSportsTechButtonTest -->
        <test-method status="PASS" signature="knowYourselfButtonTest()[pri:3, instance:com.qa.spinent.testpages.HomePageTest@192b07fd]" name="knowYourselfButtonTest" duration-ms="1052" started-at="2021-05-09T12:18:21 CEST" description="The button function will be tested to see if it is clickable or not!" finished-at="2021-05-09T12:18:22 CEST">
          <reporter-output>
          </reporter-output>
        </test-method> <!-- knowYourselfButtonTest -->
        <test-method status="PASS" signature="determineProblemsButtonTest()[pri:4, instance:com.qa.spinent.testpages.HomePageTest@192b07fd]" name="determineProblemsButtonTest" duration-ms="1394" started-at="2021-05-09T12:18:22 CEST" description="The button function will be tested to see if it is clickable or not!" finished-at="2021-05-09T12:18:24 CEST">
          <reporter-output>
          </reporter-output>
        </test-method> <!-- determineProblemsButtonTest -->
        <test-method status="PASS" signature="askToCustomerButtonTest()[pri:5, instance:com.qa.spinent.testpages.HomePageTest@192b07fd]" name="askToCustomerButtonTest" duration-ms="1222" started-at="2021-05-09T12:18:24 CEST" description="The button function will be tested to see if it is clickable or not!" finished-at="2021-05-09T12:18:25 CEST">
          <reporter-output>
          </reporter-output>
        </test-method> <!-- askToCustomerButtonTest -->
        <test-method status="PASS" signature="generateIdeasButtonTest()[pri:6, instance:com.qa.spinent.testpages.HomePageTest@192b07fd]" name="generateIdeasButtonTest" duration-ms="1063" started-at="2021-05-09T12:18:25 CEST" description="The button function will be tested to see if it is clickable or not!" finished-at="2021-05-09T12:18:26 CEST">
          <reporter-output>
          </reporter-output>
        </test-method> <!-- generateIdeasButtonTest -->
        <test-method status="PASS" signature="preapareMVPButtonTest()[pri:7, instance:com.qa.spinent.testpages.HomePageTest@192b07fd]" name="preapareMVPButtonTest" duration-ms="1000" started-at="2021-05-09T12:18:26 CEST" description="The button function will be tested to see if it is clickable or not!" finished-at="2021-05-09T12:18:27 CEST">
          <reporter-output>
          </reporter-output>
        </test-method> <!-- preapareMVPButtonTest -->
        <test-method status="PASS" signature="givePresentationButtonTest()[pri:8, instance:com.qa.spinent.testpages.HomePageTest@192b07fd]" name="givePresentationButtonTest" duration-ms="1000" started-at="2021-05-09T12:18:27 CEST" description="The button function will be tested to see if it is clickable or not!" finished-at="2021-05-09T12:18:28 CEST">
          <reporter-output>
          </reporter-output>
        </test-method> <!-- givePresentationButtonTest -->
        <test-method status="PASS" signature="belowButtonAblemsTest()[pri:9, instance:com.qa.spinent.testpages.HomePageTest@192b07fd]" name="belowButtonAblemsTest" duration-ms="997" started-at="2021-05-09T12:18:28 CEST" description="The button function will be tested to see if it is clickable or not!" finished-at="2021-05-09T12:18:29 CEST">
          <reporter-output>
          </reporter-output>
        </test-method> <!-- belowButtonAblemsTest -->
        <test-method status="PASS" signature="languageButtonTest()[pri:10, instance:com.qa.spinent.testpages.HomePageTest@192b07fd]" name="languageButtonTest" duration-ms="1012" started-at="2021-05-09T12:18:29 CEST" description="The button function will be tested to see if it is clickable or not!" finished-at="2021-05-09T12:18:30 CEST">
          <reporter-output>
          </reporter-output>
        </test-method> <!-- languageButtonTest -->
        <test-method status="PASS" signature="userAccountNamesButtonTest()[pri:11, instance:com.qa.spinent.testpages.HomePageTest@192b07fd]" name="userAccountNamesButtonTest" duration-ms="979" started-at="2021-05-09T12:18:30 CEST" description="The button function will be tested to see if it is clickable or not!" finished-at="2021-05-09T12:18:31 CEST">
          <reporter-output>
          </reporter-output>
        </test-method> <!-- userAccountNamesButtonTest -->
        <test-method status="PASS" signature="printCertificateButtonTest()[pri:12, instance:com.qa.spinent.testpages.HomePageTest@192b07fd]" name="printCertificateButtonTest" duration-ms="1010" started-at="2021-05-09T12:18:31 CEST" description="The button function will be tested to see if it is clickable or not!" finished-at="2021-05-09T12:18:32 CEST">
          <reporter-output>
          </reporter-output>
        </test-method> <!-- printCertificateButtonTest -->
        <test-method status="PASS" signature="tearDown()[pri:0, instance:com.qa.spinent.testpages.HomePageTest@192b07fd]" name="tearDown" is-config="true" duration-ms="684" started-at="2021-05-09T12:19:24 CEST" finished-at="2021-05-09T12:19:25 CEST">
          <reporter-output>
          </reporter-output>
        </test-method> <!-- tearDown -->
      </class> <!-- com.qa.spinent.testpages.HomePageTest -->
    </test> <!-- Command line test -->
  </suite> <!-- Command line suite -->
</testng-results>
