<?xml version="1.0" encoding="UTF-8" ?>
<testsuite tests="36" failures="3" name="TestSuite" time="1,861.907" errors="0" skipped="33">
  <properties>
[...]
</properties>
  <testcase classname="com.qa.spinent.testpages.LoginPageTest" name="setUp" time="620.629">
    <failure message="session not created
from timeout: Timed out receiving message from renderer: 600.000
  (Session info: chrome=90.0.4430.93)
Build info: version: &apos;3.141.59&apos;, revision: &apos;e82be7d358&apos;, time: &apos;2018-11-14T08:17:03&apos;
System info: host: &apos;DESKTOP-35PKLNE&apos;, ip: &apos;192.168.0.45&apos;, os.name: &apos;Windows 10&apos;, os.arch: &apos;amd64&apos;, os.version: &apos;10.0&apos;, java.version: &apos;1.8.0_291&apos;
Driver info: driver.version: ChromeDriver
remote stacktrace: Backtrace:
	Ordinal0 [0x00D3C013+2474003]
	Ordinal0 [0x00CD29C1+2042305]
	Ordinal0 [0x00BE2F68+1060712]
	Ordinal0 [0x00BD5652+1005138]
	Ordinal0 [0x00BD4258+1000024]
	Ordinal0 [0x00BD3DA5+998821]
	Ordinal0 [0x00BDA9C5+1026501]
	Ordinal0 [0x00BD3D31+998705]
	Ordinal0 [0x00BD4FAF+1003439]
	Ordinal0 [0x00BD4258+1000024]
	Ordinal0 [0x00BD3DA5+998821]
	Ordinal0 [0x00BD9DBC+1023420]
	Ordinal0 [0x00BD3D31+998705]
	Ordinal0 [0x00BD4FAF+1003439]
	Ordinal0 [0x00BD4258+1000024]
	Ordinal0 [0x00BD3DA5+998821]
	Ordinal0 [0x00BCFA5D+981597]
	Ordinal0 [0x00BD3D31+998705]
	Ordinal0 [0x00BD3A85+998021]
	Ordinal0 [0x00BD3829+997417]
	Ordinal0 [0x00BE4090+1065104]
	Ordinal0 [0x00C2B798+1357720]
	Ordinal0 [0x00C28FAA+1347498]
	Ordinal0 [0x00C266DB+1337051]
	Ordinal0 [0x00C03427+1192999]
	Ordinal0 [0x00C042EE+1196782]
	Ordinal0 [0x00C04279+1196665]
	GetHandleVerifier [0x00EC96FC+1590332]
	GetHandleVerifier [0x00F78614+2306900]
	GetHandleVerifier [0x00DC9E93+543699]
	GetHandleVerifier [0x00DC92CE+540686]
	Ordinal0 [0x00CD86BA+2066106]
	Ordinal0 [0x00CDD1C8+2085320]
	Ordinal0 [0x00CDD308+2085640]
	Ordinal0 [0x00CE67F3+2123763]
	BaseThreadInitThunk [0x75CBFA29+25]
	RtlGetAppContainerNamedObjectPath [0x76EE7A4E+286]
	RtlGetAppContainerNamedObjectPath [0x76EE7A1E+238]
" type="org.openqa.selenium.SessionNotCreatedException">org.openqa.selenium.SessionNotCreatedException: session not created
from timeout: Timed out receiving message from renderer: 600.000
  (Session info: chrome=90.0.4430.93)
Build info: version: &apos;3.141.59&apos;, revision: &apos;e82be7d358&apos;, time: &apos;2018-11-14T08:17:03&apos;
System info: host: &apos;DESKTOP-35PKLNE&apos;, ip: &apos;192.168.0.45&apos;, os.name: &apos;Windows 10&apos;, os.arch: &apos;amd64&apos;, os.version: &apos;10.0&apos;, java.version: &apos;1.8.0_291&apos;
Driver info: driver.version: ChromeDriver
remote stacktrace: Backtrace:
	Ordinal0 [0x00D3C013+2474003]
	Ordinal0 [0x00CD29C1+2042305]
	Ordinal0 [0x00BE2F68+1060712]
	Ordinal0 [0x00BD5652+1005138]
	Ordinal0 [0x00BD4258+1000024]
	Ordinal0 [0x00BD3DA5+998821]
	Ordinal0 [0x00BDA9C5+1026501]
	Ordinal0 [0x00BD3D31+998705]
	Ordinal0 [0x00BD4FAF+1003439]
	Ordinal0 [0x00BD4258+1000024]
	Ordinal0 [0x00BD3DA5+998821]
	Ordinal0 [0x00BD9DBC+1023420]
	Ordinal0 [0x00BD3D31+998705]
	Ordinal0 [0x00BD4FAF+1003439]
	Ordinal0 [0x00BD4258+1000024]
	Ordinal0 [0x00BD3DA5+998821]
	Ordinal0 [0x00BCFA5D+981597]
	Ordinal0 [0x00BD3D31+998705]
	Ordinal0 [0x00BD3A85+998021]
	Ordinal0 [0x00BD3829+997417]
	Ordinal0 [0x00BE4090+1065104]
	Ordinal0 [0x00C2B798+1357720]
	Ordinal0 [0x00C28FAA+1347498]
	Ordinal0 [0x00C266DB+1337051]
	Ordinal0 [0x00C03427+1192999]
	Ordinal0 [0x00C042EE+1196782]
	Ordinal0 [0x00C04279+1196665]
	GetHandleVerifier [0x00EC96FC+1590332]
	GetHandleVerifier [0x00F78614+2306900]
	GetHandleVerifier [0x00DC9E93+543699]
	GetHandleVerifier [0x00DC92CE+540686]
	Ordinal0 [0x00CD86BA+2066106]
	Ordinal0 [0x00CDD1C8+2085320]
	Ordinal0 [0x00CDD308+2085640]
	Ordinal0 [0x00CE67F3+2123763]
	BaseThreadInitThunk [0x75CBFA29+25]
	RtlGetAppContainerNamedObjectPath [0x76EE7A4E+286]
	RtlGetAppContainerNamedObjectPath [0x76EE7A1E+238]

	at sun.reflect.NativeConstructorAccessorImpl.newInstance0(Native Method)
	at sun.reflect.NativeConstructorAccessorImpl.newInstance(Unknown Source)
	at sun.reflect.DelegatingConstructorAccessorImpl.newInstance(Unknown Source)
	at java.lang.reflect.Constructor.newInstance(Unknown Source)
	at org.openqa.selenium.remote.W3CHandshakeResponse.lambda$errorHandler$0(W3CHandshakeResponse.java:62)
	at org.openqa.selenium.remote.HandshakeResponse.lambda$getResponseFunction$0(HandshakeResponse.java:30)
	at org.openqa.selenium.remote.ProtocolHandshake.lambda$createSession$0(ProtocolHandshake.java:126)
	at java.util.stream.ReferencePipeline$3$1.accept(Unknown Source)
	at java.util.Spliterators$ArraySpliterator.tryAdvance(Unknown Source)
	at java.util.stream.ReferencePipeline.forEachWithCancel(Unknown Source)
	at java.util.stream.AbstractPipeline.copyIntoWithCancel(Unknown Source)
	at java.util.stream.AbstractPipeline.copyInto(Unknown Source)
	at java.util.stream.AbstractPipeline.wrapAndCopyInto(Unknown Source)
	at java.util.stream.FindOps$FindOp.evaluateSequential(Unknown Source)
	at java.util.stream.AbstractPipeline.evaluate(Unknown Source)
	at java.util.stream.ReferencePipeline.findFirst(Unknown Source)
	at org.openqa.selenium.remote.ProtocolHandshake.createSession(ProtocolHandshake.java:128)
	at org.openqa.selenium.remote.ProtocolHandshake.createSession(ProtocolHandshake.java:74)
	at org.openqa.selenium.remote.HttpCommandExecutor.execute(HttpCommandExecutor.java:136)
	at org.openqa.selenium.remote.service.DriverCommandExecutor.execute(DriverCommandExecutor.java:83)
	at org.openqa.selenium.remote.RemoteWebDriver.execute(RemoteWebDriver.java:552)
	at org.openqa.selenium.remote.RemoteWebDriver.startSession(RemoteWebDriver.java:213)
	at org.openqa.selenium.remote.RemoteWebDriver.&lt;init&gt;(RemoteWebDriver.java:131)
	at org.openqa.selenium.chrome.ChromeDriver.&lt;init&gt;(ChromeDriver.java:181)
	at org.openqa.selenium.chrome.ChromeDriver.&lt;init&gt;(ChromeDriver.java:168)
	at org.openqa.selenium.chrome.ChromeDriver.&lt;init&gt;(ChromeDriver.java:157)
	at com.qa.spinent.base.BasePage.init_driver(BasePage.java:43)
	at com.qa.spinent.testpages.LoginPageTest.setUp(LoginPageTest.java:36)
</failure>
    <system-out>Configuring TestNG with: org.apache.maven.surefire.testng.conf.TestNG652Configurator@6aceb1a5
Browser name: chrome
Browser name: chrome
Browser name: chrome
</system-out>
    <system-err>SLF4J: Failed to load class &quot;org.slf4j.impl.StaticLoggerBinder&quot;.
SLF4J: Defaulting to no-operation (NOP) logger implementation
SLF4J: See http://www.slf4j.org/codes.html#StaticLoggerBinder for further details.
Starting ChromeDriver 90.0.4430.24 (4c6d850f087da467d926e8eddb76550aed655991-refs/branch-heads/4430@{#429}) on port 43700
Only local connections are allowed.
Please see https://chromedriver.chromium.org/security-considerations for suggestions on keeping ChromeDriver safe.
ChromeDriver was started successfully.
May 10, 2021 11:27:07 AM org.openqa.selenium.remote.ProtocolHandshake createSession
INFO: Detected dialect: W3C
Starting ChromeDriver 90.0.4430.24 (4c6d850f087da467d926e8eddb76550aed655991-refs/branch-heads/4430@{#429}) on port 15271
Only local connections are allowed.
Please see https://chromedriver.chromium.org/security-considerations for suggestions on keeping ChromeDriver safe.
ChromeDriver was started successfully.
log4j:WARN No appenders could be found for logger (org.apache.http.impl.conn.PoolingHttpClientConnectionManager).
log4j:WARN Please initialize the log4j system properly.
log4j:WARN See http://logging.apache.org/log4j/1.2/faq.html#noconfig for more info.
May 10, 2021 11:27:13 AM org.openqa.selenium.remote.ProtocolHandshake createSession
INFO: Detected dialect: W3C
Starting ChromeDriver 90.0.4430.24 (4c6d850f087da467d926e8eddb76550aed655991-refs/branch-heads/4430@{#429}) on port 8087
Only local connections are allowed.
Please see https://chromedriver.chromium.org/security-considerations for suggestions on keeping ChromeDriver safe.
ChromeDriver was started successfully.
[1620639444.633][SEVERE]: Timed out receiving message from renderer: 600.000
</system-err>
  </testcase>
  <testcase classname="com.qa.spinent.testpages.LoginPageUserSecurityTest" name="setUp" time="620.633">
    <skipped/>
  </testcase>
  <testcase classname="com.qa.spinent.testpages.MyReportPageTest" name="setUp" time="620.633">
    <skipped/>
  </testcase>
  <testcase classname="com.qa.spinent.testpages.AccountLogoutPageTest" name="logOutFunctionTest" time="0.002">
    <skipped/>
  </testcase>
  <testcase classname="com.qa.spinent.testpages.AccountLogoutPageTest" name="logOutUrlVerificationTest" time="0">
    <skipped/>
  </testcase>
  <testcase classname="com.qa.spinent.testpages.HomePageTest" name="verifyHomePageTitle" time="0">
    <skipped/>
  </testcase>
  <testcase classname="com.qa.spinent.testpages.HomePageTest" name="introToSportsTechButtonTest" time="0">
    <skipped/>
  </testcase>
  <testcase classname="com.qa.spinent.testpages.HomePageTest" name="knowYourselfButtonTest" time="0">
    <skipped/>
  </testcase>
  <testcase classname="com.qa.spinent.testpages.HomePageTest" name="determineProblemsButtonTest" time="0">
    <skipped/>
  </testcase>
  <testcase classname="com.qa.spinent.testpages.HomePageTest" name="askToCustomerButtonTest" time="0">
    <skipped/>
  </testcase>
  <testcase classname="com.qa.spinent.testpages.HomePageTest" name="generateIdeasButtonTest" time="0">
    <skipped/>
  </testcase>
  <testcase classname="com.qa.spinent.testpages.HomePageTest" name="preapareMVPButtonTest" time="0">
    <skipped/>
  </testcase>
  <testcase classname="com.qa.spinent.testpages.HomePageTest" name="givePresentationButtonTest" time="0">
    <skipped/>
  </testcase>
  <testcase classname="com.qa.spinent.testpages.HomePageTest" name="belowButtonAblemsTest" time="0">
    <skipped/>
  </testcase>
  <testcase classname="com.qa.spinent.testpages.HomePageTest" name="languageButtonTest" time="0">
    <skipped/>
  </testcase>
  <testcase classname="com.qa.spinent.testpages.HomePageTest" name="userAccountNamesButtonTest" time="0">
    <skipped/>
  </testcase>
  <testcase classname="com.qa.spinent.testpages.HomePageTest" name="printCertificateButtonTest" time="0">
    <skipped/>
  </testcase>
  <testcase classname="com.qa.spinent.testpages.LoginPageTest" name="verifyLoginPageTitleTest" time="0">
    <skipped/>
  </testcase>
  <testcase classname="com.qa.spinent.testpages.LoginPageTest" name="verifyLoginPageUrlTest" time="0">
    <skipped/>
  </testcase>
  <testcase classname="com.qa.spinent.testpages.LoginPageTest" name="verifyRedColorLoginButtonTest" time="0">
    <skipped/>
  </testcase>
  <testcase classname="com.qa.spinent.testpages.LoginPageTest" name="verifyGreenolorLoginButtonTest" time="0">
    <skipped/>
  </testcase>
  <testcase classname="com.qa.spinent.testpages.LoginPageUserSecurityTest" name="userSecurity" time="0">
    <skipped/>
  </testcase>
  <testcase classname="com.qa.spinent.testpages.LoginPageUserSecurityTest" name="userSecurity" time="0">
    <skipped/>
  </testcase>
  <testcase classname="com.qa.spinent.testpages.LoginPageUserSecurityTest" name="userSecurity" time="0">
    <skipped/>
  </testcase>
  <testcase classname="com.qa.spinent.testpages.LoginPageUserSecurityTest" name="userSecurity" time="0">
    <skipped/>
  </testcase>
  <testcase classname="com.qa.spinent.testpages.LoginPageUserSecurityTest" name="userSecurity" time="0">
    <skipped/>
  </testcase>
  <testcase classname="com.qa.spinent.testpages.LoginPageUserSecurityTest" name="userSecurity" time="0">
    <skipped/>
  </testcase>
  <testcase classname="com.qa.spinent.testpages.LoginPageUserSecurityTest" name="userSecurity" time="0">
    <skipped/>
  </testcase>
  <testcase classname="com.qa.spinent.testpages.LoginPageUserSecurityTest" name="userSecurity" time="0">
    <skipped/>
  </testcase>
  <testcase classname="com.qa.spinent.testpages.MyReportPageTest" name="verifyMyReportPageTableVisibility" time="0">
    <skipped/>
  </testcase>
  <testcase classname="com.qa.spinent.testpages.MyReportPageTest" name="verifyMyReportPageTable" time="0">
    <skipped/>
  </testcase>
  <testcase classname="com.qa.spinent.testpages.AccountLogoutPageTest" name="tearDown" time="0.001">
    <skipped/>
  </testcase>
  <testcase classname="com.qa.spinent.testpages.HomePageTest" name="tearDown" time="0.001">
    <skipped/>
  </testcase>
  <testcase classname="com.qa.spinent.testpages.LoginPageTest" name="tearDown" time="0.002">
    <failure type="java.lang.NullPointerException">java.lang.NullPointerException
	at com.qa.spinent.testpages.LoginPageTest.tearDown(LoginPageTest.java:80)
</failure>
  </testcase>
  <testcase classname="com.qa.spinent.testpages.LoginPageUserSecurityTest" name="tearDown" time="0.003">
    <failure type="java.lang.NullPointerException">java.lang.NullPointerException
	at com.qa.spinent.testpages.LoginPageUserSecurityTest.tearDown(LoginPageUserSecurityTest.java:69)
</failure>
  </testcase>
  <testcase classname="com.qa.spinent.testpages.MyReportPageTest" name="tearDown" time="0.003">
    <skipped/>
  </testcase>
</testsuite>