<?xml version="1.0" encoding="UTF-8"?>
<!-- Generated by org.testng.reporters.JUnitXMLReporter -->
<testsuite ignored="0" hostname="DESKTOP-35PKLNE" failures="0" tests="28" name="Spinent Functional Regression Test" time="80.163" errors="0" timestamp="2021-05-04T06:24:09 CEST">
  <testcase classname="com.qa.spinent.testpages.HomePageTest" name="verifyHomePageTitle" time="0.464"/>
  <testcase classname="com.qa.spinent.testpages.HomePageTest" name="introToSportsTechButtonTest" time="0.976"/>
  <testcase classname="com.qa.spinent.testpages.HomePageTest" name="knowYourselfButtonTest" time="0.712"/>
  <testcase classname="com.qa.spinent.testpages.HomePageTest" name="determineProblemsButtonTest" time="0.818"/>
  <testcase classname="com.qa.spinent.testpages.HomePageTest" name="askToCustomerButtonTest" time="0.669"/>
  <testcase classname="com.qa.spinent.testpages.HomePageTest" name="generateIdeasButtonTest" time="0.676"/>
  <testcase classname="com.qa.spinent.testpages.HomePageTest" name="preapareMVPButtonTest" time="0.69"/>
  <testcase classname="com.qa.spinent.testpages.HomePageTest" name="givePresentationButtonTest" time="0.62"/>
  <testcase classname="com.qa.spinent.testpages.HomePageTest" name="belowButtonAblemsTest" time="0.627"/>
  <testcase classname="com.qa.spinent.testpages.HomePageTest" name="languageButtonTest" time="0.64"/>
  <testcase classname="com.qa.spinent.testpages.HomePageTest" name="userAccountNamesButtonTest" time="0.595"/>
  <testcase classname="com.qa.spinent.testpages.HomePageTest" name="printCertificateButtonTest" time="0.632"/>
  <testcase classname="com.qa.spinent.testpages.AccountLogoutPageTest" name="logOutFunctionTest" time="0.602"/>
  <testcase classname="com.qa.spinent.testpages.AccountLogoutPageTest" name="logOutUrlVerificationTest" time="0.007"/>
  <testcase classname="com.qa.spinent.testpages.LoginPageUserSecurityTest" name="userSecurity" time="3.166"/>
  <testcase classname="com.qa.spinent.testpages.LoginPageUserSecurityTest" name="userSecurity" time="4.111"/>
  <testcase classname="com.qa.spinent.testpages.LoginPageUserSecurityTest" name="userSecurity" time="4.362"/>
  <testcase classname="com.qa.spinent.testpages.LoginPageUserSecurityTest" name="userSecurity" time="4.541"/>
  <testcase classname="com.qa.spinent.testpages.LoginPageUserSecurityTest" name="userSecurity" time="4.247"/>
  <testcase classname="com.qa.spinent.testpages.LoginPageUserSecurityTest" name="userSecurity" time="4.012"/>
  <testcase classname="com.qa.spinent.testpages.LoginPageUserSecurityTest" name="userSecurity" time="3.991"/>
  <testcase classname="com.qa.spinent.testpages.LoginPageUserSecurityTest" name="userSecurity" time="4.018"/>
  <testcase classname="com.qa.spinent.testpages.LoginPageTest" name="verifyLoginPageTitleTest" time="0.015"/>
  <testcase classname="com.qa.spinent.testpages.LoginPageTest" name="verifyLoginPageUrlTest" time="0.01"/>
  <testcase classname="com.qa.spinent.testpages.LoginPageTest" name="verifyRedColorLoginButtonTest" time="0.579"/>
  <testcase classname="com.qa.spinent.testpages.LoginPageTest" name="verifyGreenolorLoginButtonTest" time="0.579"/>
  <testcase classname="com.qa.spinent.testpages.MyReportPageTest" name="verifyMyReportPageTableVisibility" time="0.59"/>
  <testcase classname="com.qa.spinent.testpages.MyReportPageTest" name="verifyMyReportPageTable" time="0.01"/>
</testsuite> <!-- Spinent Functional Regression Test -->
